Alert Time: 2024-11-18 18:16:07
Suspicious connection detected!
Protocol: TCP
Local Address: 0.0.0.0:445
Foreign Address: 0.0.0.0:0
State: LISTENING
PID: 4
Process Name: System
Process Path: 
----------------------------------------
Alert Time: 2024-11-18 18:16:07
Suspicious connection detected!
Protocol: TCP
Local Address: [::]:445
Foreign Address: [::]:0
State: LISTENING
PID: 4
Process Name: System
Process Path: 
----------------------------------------
Alert Time: 2024-11-18 18:17:07
Suspicious connection detected!
Protocol: TCP
Local Address: 0.0.0.0:445
Foreign Address: 0.0.0.0:0
State: LISTENING
PID: 4
Process Name: System
Process Path: 
----------------------------------------
Alert Time: 2024-11-18 18:17:07
Suspicious connection detected!
Protocol: TCP
Local Address: [::]:445
Foreign Address: [::]:0
State: LISTENING
PID: 4
Process Name: System
Process Path: 
----------------------------------------
Alert Time: 2024-11-18 18:18:31
Suspicious connection detected!
Protocol: TCP
Local Address: 0.0.0.0:445
Foreign Address: 0.0.0.0:0
State: LISTENING
PID: 4
Process Name: System
Process Path: 
----------------------------------------
Alert Time: 2024-11-18 18:18:31
Suspicious connection detected!
Protocol: TCP
Local Address: [::]:445
Foreign Address: [::]:0
State: LISTENING
PID: 4
Process Name: System
Process Path: 
----------------------------------------
Alert Time: 2024-11-18 19:56:41
Suspicious connection detected!
Protocol: TCP
Local Address: 0.0.0.0:445
Foreign Address: 0.0.0.0:0
State: LISTENING
PID: 4
Process Name: System
Process Path: 
----------------------------------------
Alert Time: 2024-11-18 19:56:41
Suspicious connection detected!
Protocol: TCP
Local Address: [::]:445
Foreign Address: [::]:0
State: LISTENING
PID: 4
Process Name: System
Process Path: 
----------------------------------------
Alert Time: 2024-11-18 19:57:41
Suspicious connection detected!
Protocol: TCP
Local Address: 0.0.0.0:445
Foreign Address: 0.0.0.0:0
State: LISTENING
PID: 4
Process Name: System
Process Path: 
----------------------------------------
Alert Time: 2024-11-18 19:57:41
Suspicious connection detected!
Protocol: TCP
Local Address: [::]:445
Foreign Address: [::]:0
State: LISTENING
PID: 4
Process Name: System
Process Path: 
----------------------------------------
Alert Time: 2024-11-18 19:58:41
Suspicious connection detected!
Protocol: TCP
Local Address: 0.0.0.0:445
Foreign Address: 0.0.0.0:0
State: LISTENING
PID: 4
Process Name: System
Process Path: 
----------------------------------------
Alert Time: 2024-11-18 19:58:41
Suspicious connection detected!
Protocol: TCP
Local Address: [::]:445
Foreign Address: [::]:0
State: LISTENING
PID: 4
Process Name: System
Process Path: 
----------------------------------------
Alert Time: 2024-11-18 19:59:46
Suspicious connection detected!
Protocol: TCP
Local Address: 0.0.0.0:445
Foreign Address: 0.0.0.0:0
State: LISTENING
PID: 4
Process Name: System
Process Path: 
----------------------------------------
Alert Time: 2024-11-18 19:59:46
Suspicious connection detected!
Protocol: TCP
Local Address: [::]:445
Foreign Address: [::]:0
State: LISTENING
PID: 4
Process Name: System
Process Path: 
----------------------------------------
Alert Time: 2024-11-18 20:05:09
Suspicious connection detected!
Protocol: TCP
Local Address: 0.0.0.0:445
Foreign Address: 0.0.0.0:0
State: LISTENING
PID: 4
Process Name: System
Process Path: 
----------------------------------------
Alert Time: 2024-11-18 20:05:09
Suspicious connection detected!
Protocol: TCP
Local Address: [::]:445
Foreign Address: [::]:0
State: LISTENING
PID: 4
Process Name: System
Process Path: 
----------------------------------------
Alert Time: 2024-11-18 20:06:09
Suspicious connection detected!
Protocol: TCP
Local Address: 0.0.0.0:445
Foreign Address: 0.0.0.0:0
State: LISTENING
PID: 4
Process Name: System
Process Path: 
----------------------------------------
Alert Time: 2024-11-18 20:06:09
Suspicious connection detected!
Protocol: TCP
Local Address: [::]:445
Foreign Address: [::]:0
State: LISTENING
PID: 4
Process Name: System
Process Path: 
----------------------------------------
Alert Time: 2024-11-18 20:07:09
Suspicious connection detected!
Protocol: TCP
Local Address: 0.0.0.0:445
Foreign Address: 0.0.0.0:0
State: LISTENING
PID: 4
Process Name: System
Process Path: 
----------------------------------------
Alert Time: 2024-11-18 20:07:09
Suspicious connection detected!
Protocol: TCP
Local Address: [::]:445
Foreign Address: [::]:0
State: LISTENING
PID: 4
Process Name: System
Process Path: 
----------------------------------------
Alert Time: 2024-11-18 20:07:26
Suspicious connection detected!
Protocol: TCP
Local Address: 0.0.0.0:445
Foreign Address: 0.0.0.0:0
State: LISTENING
PID: 4
Process Name: System
Process Path: 
----------------------------------------
Alert Time: 2024-11-18 20:07:26
Suspicious connection detected!
Protocol: TCP
Local Address: [::]:445
Foreign Address: [::]:0
State: LISTENING
PID: 4
Process Name: System
Process Path: 
----------------------------------------
Alert Time: 2024-11-18 20:08:09
Suspicious connection detected!
Protocol: TCP
Local Address: 0.0.0.0:445
Foreign Address: 0.0.0.0:0
State: LISTENING
PID: 4
Process Name: System
Process Path: 
----------------------------------------
Alert Time: 2024-11-18 20:08:09
Suspicious connection detected!
Protocol: TCP
Local Address: [::]:445
Foreign Address: [::]:0
State: LISTENING
PID: 4
Process Name: System
Process Path: 
----------------------------------------
Alert Time: 2024-11-18 20:08:26
Suspicious connection detected!
Protocol: TCP
Local Address: 0.0.0.0:445
Foreign Address: 0.0.0.0:0
State: LISTENING
PID: 4
Process Name: System
Process Path: 
----------------------------------------
Alert Time: 2024-11-18 20:08:26
Suspicious connection detected!
Protocol: TCP
Local Address: [::]:445
Foreign Address: [::]:0
State: LISTENING
PID: 4
Process Name: System
Process Path: 
----------------------------------------
Alert Time: 2024-11-22 13:28:32
Suspicious connection detected!
Protocol: TCP
Local Address: 0.0.0.0:445
Foreign Address: 0.0.0.0:0
State: LISTENING
PID: 4
Process Name: System
Process Path: 
----------------------------------------
Alert Time: 2024-11-22 13:28:32
Suspicious connection detected!
Protocol: TCP
Local Address: [::]:445
Foreign Address: [::]:0
State: LISTENING
PID: 4
Process Name: System
Process Path: 
----------------------------------------
Alert Time: 2024-11-22 13:29:32
Suspicious connection detected!
Protocol: TCP
Local Address: 0.0.0.0:445
Foreign Address: 0.0.0.0:0
State: LISTENING
PID: 4
Process Name: System
Process Path: 
----------------------------------------
Alert Time: 2024-11-22 13:29:32
Suspicious connection detected!
Protocol: TCP
Local Address: 0.0.0.0:6667
Foreign Address: 0.0.0.0:0
State: LISTENING
PID: 21712
Process Name: powershell.exe
Process Path: C:\Windows\System32\WindowsPowerShell\v1.0\powershell.exe
----------------------------------------
Alert Time: 2024-11-22 13:29:32
Suspicious connection detected!
Protocol: TCP
Local Address: [::]:445
Foreign Address: [::]:0
State: LISTENING
PID: 4
Process Name: System
Process Path: 
----------------------------------------
Alert Time: 2024-11-22 13:30:32
Suspicious connection detected!
Protocol: TCP
Local Address: 0.0.0.0:445
Foreign Address: 0.0.0.0:0
State: LISTENING
PID: 4
Process Name: System
Process Path: 
----------------------------------------
Alert Time: 2024-11-22 13:30:32
Suspicious connection detected!
Protocol: TCP
Local Address: [::]:445
Foreign Address: [::]:0
State: LISTENING
PID: 4
Process Name: System
Process Path: 
----------------------------------------
Alert Time: 2024-11-22 13:31:32
Suspicious connection detected!
Protocol: TCP
Local Address: 0.0.0.0:445
Foreign Address: 0.0.0.0:0
State: LISTENING
PID: 4
Process Name: System
Process Path: 
----------------------------------------
Alert Time: 2024-11-22 13:31:32
Suspicious connection detected!
Protocol: TCP
Local Address: [::]:445
Foreign Address: [::]:0
State: LISTENING
PID: 4
Process Name: System
Process Path: 
----------------------------------------
Alert Time: 2024-11-22 19:35:00
Suspicious connection detected!
Protocol: TCP
Local Address: 0.0.0.0:445
Foreign Address: 0.0.0.0:0
State: LISTENING
PID: 4
Process Name: System
Process Path: 
----------------------------------------
Alert Time: 2024-11-22 19:35:00
Suspicious connection detected!
Protocol: TCP
Local Address: [::]:445
Foreign Address: [::]:0
State: LISTENING
PID: 4
Process Name: System
Process Path: 
----------------------------------------
Alert Time: 2024-11-22 19:36:17
Suspicious connection detected!
Protocol: TCP
Local Address: 0.0.0.0:445
Foreign Address: 0.0.0.0:0
State: LISTENING
PID: 4
Process Name: System
Process Path: 
----------------------------------------
Alert Time: 2024-11-22 19:36:17
Suspicious connection detected!
Protocol: TCP
Local Address: [::]:445
Foreign Address: [::]:0
State: LISTENING
PID: 4
Process Name: System
Process Path: 
----------------------------------------
Alert Time: 2024-11-22 19:40:43
Suspicious connection detected!
Protocol: TCP
Local Address: 0.0.0.0:445
Foreign Address: 0.0.0.0:0
State: LISTENING
PID: 4
Process Name: System
Process Path: 
----------------------------------------
Alert Time: 2024-11-22 19:40:43
Suspicious connection detected!
Protocol: TCP
Local Address: [::]:445
Foreign Address: [::]:0
State: LISTENING
PID: 4
Process Name: System
Process Path: 
----------------------------------------
Alert Time: 2024-11-22 19:41:43
Suspicious connection detected!
Protocol: TCP
Local Address: 0.0.0.0:445
Foreign Address: 0.0.0.0:0
State: LISTENING
PID: 4
Process Name: System
Process Path: 
----------------------------------------
Alert Time: 2024-11-22 19:41:43
Suspicious connection detected!
Protocol: TCP
Local Address: [::]:445
Foreign Address: [::]:0
State: LISTENING
PID: 4
Process Name: System
Process Path: 
----------------------------------------
Alert Time: 2024-11-22 19:50:57
Suspicious connection detected!
Protocol: TCP
Local Address: 0.0.0.0:445
Foreign Address: 0.0.0.0:0
State: LISTENING
PID: 4
Process Name: System
Process Path: 
----------------------------------------
Alert Time: 2024-11-22 19:50:57
Suspicious connection detected!
Protocol: TCP
Local Address: [::]:445
Foreign Address: [::]:0
State: LISTENING
PID: 4
Process Name: System
Process Path: 
----------------------------------------
Alert Time: 2024-11-22 20:31:03
Suspicious connection detected!
Protocol: TCP
Local Address: 0.0.0.0:445
Foreign Address: 0.0.0.0:0
State: LISTENING
PID: 4
Process Name: System
Process Path: 
----------------------------------------
Alert Time: 2024-11-22 20:31:03
Suspicious connection detected!
Protocol: TCP
Local Address: [::]:445
Foreign Address: [::]:0
State: LISTENING
PID: 4
Process Name: System
Process Path: 
----------------------------------------
Alert Time: 2024-11-22 22:18:17
Suspicious connection detected!
Protocol: TCP
Local Address: 0.0.0.0:445
Foreign Address: 0.0.0.0:0
State: LISTENING
PID: 4
Process Name: System
Process Path: 
----------------------------------------
Alert Time: 2024-11-22 22:18:17
Suspicious connection detected!
Protocol: TCP
Local Address: 0.0.0.0:6667
Foreign Address: 0.0.0.0:0
State: LISTENING
PID: 2660
Process Name: powershell.exe
Process Path: C:\Windows\System32\WindowsPowerShell\v1.0\powershell.exe
----------------------------------------
Alert Time: 2024-11-22 22:18:17
Suspicious connection detected!
Protocol: TCP
Local Address: [::]:445
Foreign Address: [::]:0
State: LISTENING
PID: 4
Process Name: System
Process Path: 
----------------------------------------
Alert Time: 2024-11-22 22:20:01
Suspicious connection detected!
Protocol: TCP
Local Address: 0.0.0.0:445
Foreign Address: 0.0.0.0:0
State: LISTENING
PID: 4
Process Name: System
Process Path: 
----------------------------------------
Alert Time: 2024-11-22 22:20:01
Suspicious connection detected!
Protocol: TCP
Local Address: 0.0.0.0:6667
Foreign Address: 0.0.0.0:0
State: LISTENING
PID: 2660
Process Name: powershell.exe
Process Path: C:\Windows\System32\WindowsPowerShell\v1.0\powershell.exe
----------------------------------------
Alert Time: 2024-11-22 22:20:01
Suspicious connection detected!
Protocol: TCP
Local Address: [::]:445
Foreign Address: [::]:0
State: LISTENING
PID: 4
Process Name: System
Process Path: 
----------------------------------------
Alert Time: 2024-11-22 22:21:41
Suspicious connection detected!
Protocol: TCP
Local Address: 0.0.0.0:445
Foreign Address: 0.0.0.0:0
State: LISTENING
PID: 4
Process Name: System
Process Path: 
----------------------------------------
Alert Time: 2024-11-22 22:21:41
Suspicious connection detected!
Protocol: TCP
Local Address: [::]:445
Foreign Address: [::]:0
State: LISTENING
PID: 4
Process Name: System
Process Path: 
----------------------------------------
Alert Time: 2024-11-22 22:22:41
Suspicious connection detected!
Protocol: TCP
Local Address: 0.0.0.0:445
Foreign Address: 0.0.0.0:0
State: LISTENING
PID: 4
Process Name: System
Process Path: 
----------------------------------------
Alert Time: 2024-11-22 22:22:41
Suspicious connection detected!
Protocol: TCP
Local Address: [::]:445
Foreign Address: [::]:0
State: LISTENING
PID: 4
Process Name: System
Process Path: 
----------------------------------------
